<?xml version="1.0" encoding="UTF-8"?>
<!-- Generated by org.testng.reporters.JUnitXMLReporter -->
<testsuite ignored="0" hostname="nihal" failures="1" tests="4" name="Test" time="9.478" errors="0" timestamp="06 Aug 2023 06:27:31 GMT">
  <testcase classname="Test.HomePageTest" name="TestpageTitle" time="1.475">
    <failure type="java.lang.AssertionError" message="Title not matching expected [Swag Labs] but found [Swag Labs1]">
      <![CDATA[java.lang.AssertionError: Title not matching expected [Swag Labs] but found [Swag Labs1]
	at pageFactory.HomePage.getTitle(HomePage.java:78)
	at Test.HomePageTest.TestpageTitle(HomePageTest.java:19)
... Removed 30 stack frames]]>
    </failure>
  </testcase> <!-- TestpageTitle -->
  <testcase classname="Test.HomePageTest" name="Login" time="0.547"/>
  <testcase classname="Test.HomePageTest" name="readExcel" time="1.447"/>
  <testcase classname="Test.ProductsPageTest" name="verify_Productspage" time="0.063"/>
</testsuite> <!-- Test -->
